<?xml version="1.0" encoding="UTF-8"?>
<!-- Generated by org.testng.reporters.JUnitReportReporter -->
<testsuite hostname="My-PC" name="com.ingecno.MysteryShoppers.test.NotCommon.all.LoginTestCases" tests="4" failures="0" timestamp="1 Aug 2018 05:33:44 GMT" time="2.779" errors="0">
  <testcase name="loginTestCase" time="1.411" classname="com.ingecno.MysteryShoppers.test.NotCommon.all.LoginTestCases"/>
  <testcase name="loginTestCase" time="0.258" classname="com.ingecno.MysteryShoppers.test.NotCommon.all.LoginTestCases"/>
  <testcase name="loginTestCase" time="0.294" classname="com.ingecno.MysteryShoppers.test.NotCommon.all.LoginTestCases"/>
  <testcase name="loginTestCase" time="0.816" classname="com.ingecno.MysteryShoppers.test.NotCommon.all.LoginTestCases"/>
</testsuite> <!-- com.ingecno.MysteryShoppers.test.NotCommon.all.LoginTestCases -->
