<?xml version="1.0" encoding="UTF-8"?>
<!-- Generated by org.testng.reporters.JUnitReportReporter -->
<testsuite hostname="My-PC" name="com.ingecno.MysteryShoppers.test.NotCommon.all.UserModel" tests="1" failures="0" timestamp="31 Jul 2018 11:48:36 GMT" time="0.007" errors="0">
  <testcase name="userInterface" time="0.007" classname="com.ingecno.MysteryShoppers.test.NotCommon.all.UserModel"/>
</testsuite> <!-- com.ingecno.MysteryShoppers.test.NotCommon.all.UserModel -->
