<?xml version="1.0" encoding="UTF-8"?>
<!-- Generated by org.testng.reporters.JUnitReportReporter -->
<testsuite hostname="My-PC" name="com.ingecno.MysteryShoppers.LoginPage.LoginpageTestClass" tests="4" failures="0" timestamp="31 Jul 2018 17:51:32 GMT" time="7.096" errors="0">
  <testcase name="validCredential" time="0.848" classname="com.ingecno.MysteryShoppers.LoginPage.LoginpageTestClass"/>
  <testcase name="Blank" time="0.988" classname="com.ingecno.MysteryShoppers.LoginPage.LoginpageTestClass"/>
  <testcase name="blankName" time="2.339" classname="com.ingecno.MysteryShoppers.LoginPage.LoginpageTestClass"/>
  <testcase name="blankPwd" time="2.921" classname="com.ingecno.MysteryShoppers.LoginPage.LoginpageTestClass"/>
</testsuite> <!-- com.ingecno.MysteryShoppers.LoginPage.LoginpageTestClass -->
