<?xml version="1.0" encoding="UTF-8"?>
<!-- Generated by org.testng.reporters.JUnitReportReporter -->
<testsuite hostname="My-PC" name="com.ingecno.MysteryShoppers.test.NotCommon.all.RegistrationTestCases" tests="4" failures="0" timestamp="1 Aug 2018 11:27:01 GMT" time="109.679" errors="0">
  <testcase name="compareDataFromUsers" time="55.439" classname="com.ingecno.MysteryShoppers.test.NotCommon.all.RegistrationTestCases"/>
  <testcase name="verify_reg" time="18.042" classname="com.ingecno.MysteryShoppers.test.NotCommon.all.RegistrationTestCases"/>
  <testcase name="verify_reg" time="18.589" classname="com.ingecno.MysteryShoppers.test.NotCommon.all.RegistrationTestCases"/>
  <testcase name="verify_reg" time="17.609" classname="com.ingecno.MysteryShoppers.test.NotCommon.all.RegistrationTestCases"/>
</testsuite> <!-- com.ingecno.MysteryShoppers.test.NotCommon.all.RegistrationTestCases -->
