<?xml version="1.0" encoding="UTF-8"?>
<!-- Generated by org.testng.reporters.JUnitReportReporter -->
<testsuite hostname="My-PC" name="com.ingecno.MysteryShoppers.report.ReportsTestCases" tests="7" failures="0" timestamp="1 Aug 2018 06:42:19 GMT" time="21.098" errors="0">
  <testcase name="EnterCredential" time="8.062" classname="com.ingecno.MysteryShoppers.report.ReportsTestCases"/>
  <testcase name="ReportsMenuMouseOver" time="0.082" classname="com.ingecno.MysteryShoppers.report.ReportsTestCases"/>
  <testcase name="goButton" time="4.543" classname="com.ingecno.MysteryShoppers.report.ReportsTestCases"/>
  <testcase name="SelectClientNameText" time="3.065" classname="com.ingecno.MysteryShoppers.report.ReportsTestCases"/>
  <testcase name="ReportsMenu" time="0.233" classname="com.ingecno.MysteryShoppers.report.ReportsTestCases"/>
  <testcase name="selectClientDropdown" time="3.047" classname="com.ingecno.MysteryShoppers.report.ReportsTestCases"/>
  <testcase name="ClickOnFeedbackLink" time="2.066" classname="com.ingecno.MysteryShoppers.report.ReportsTestCases"/>
</testsuite> <!-- com.ingecno.MysteryShoppers.report.ReportsTestCases -->
